  [1m[36m (19.9ms)[0m  [1mCREATE TABLE "schema_migrations" ("version" varchar NOT NULL) [0m
  [1m[35m (0.1ms)[0m  select sqlite_version(*)
  [1m[36m (9.2ms)[0m  [1mCREATE UNIQUE INDEX "unique_schema_migrations" ON "schema_migrations" ("version")[0m
  [1m[35mActiveRecord::SchemaMigration Load (0.1ms)[0m  SELECT "schema_migrations".* FROM "schema_migrations"
Migrating to CreateUsers (20151116214227)
  [1m[36m (0.0ms)[0m  [1mbegin transaction[0m
  [1m[35m (0.2ms)[0m  CREATE TABLE "users" ("id" INTEGER PRIMARY KEY AUTOINCREMENT NOT NULL, "name" varchar, "location" varchar) 
  [1m[36mSQL (0.1ms)[0m  [1mINSERT INTO "schema_migrations" ("version") VALUES (?)[0m  [["version", "20151116214227"]]
  [1m[35m (15.5ms)[0m  commit transaction
Migrating to CreateTasks (20151116214307)
  [1m[36m (0.1ms)[0m  [1mbegin transaction[0m
  [1m[35m (0.2ms)[0m  CREATE TABLE "tasks" ("id" INTEGER PRIMARY KEY AUTOINCREMENT NOT NULL, "name" varchar, "user_id" integer) 
  [1m[36m (0.1ms)[0m  [1mCREATE  INDEX "index_tasks_on_user_id" ON "tasks" ("user_id")[0m
  [1m[35mSQL (0.1ms)[0m  INSERT INTO "schema_migrations" ("version") VALUES (?)  [["version", "20151116214307"]]
  [1m[36m (10.1ms)[0m  [1mcommit transaction[0m
  [1m[35mActiveRecord::SchemaMigration Load (0.1ms)[0m  SELECT "schema_migrations".* FROM "schema_migrations"
  [1m[36m (0.1ms)[0m  [1m            SELECT sql
            FROM sqlite_master
            WHERE name='index_tasks_on_user_id' AND type='index'
            UNION ALL
            SELECT sql
            FROM sqlite_temp_master
            WHERE name='index_tasks_on_user_id' AND type='index'
[0m
  [1m[35mActiveRecord::SchemaMigration Load (0.1ms)[0m  SELECT "schema_migrations".* FROM "schema_migrations"
  [1m[36m (0.0ms)[0m  [1mbegin transaction[0m
  [1m[35mSQL (0.1ms)[0m  INSERT INTO "users" ("name", "location") VALUES (?, ?)  [["name", "John"], ["location", "USA"]]
  [1m[36m (7.8ms)[0m  [1mcommit transaction[0m
  [1m[35m (0.0ms)[0m  begin transaction
  [1m[36mSQL (0.2ms)[0m  [1mINSERT INTO "tasks" ("name", "user_id") VALUES (?, ?)[0m  [["name", "Task 1 for user: John"], ["user_id", 1]]
  [1m[35m (19.4ms)[0m  commit transaction
  [1m[36m (0.1ms)[0m  [1mbegin transaction[0m
  [1m[35mSQL (0.1ms)[0m  INSERT INTO "tasks" ("name", "user_id") VALUES (?, ?)  [["name", "Task 2 for user: John"], ["user_id", 1]]
  [1m[36m (7.5ms)[0m  [1mcommit transaction[0m
  [1m[35m (0.1ms)[0m  begin transaction
  [1m[36mSQL (0.1ms)[0m  [1mINSERT INTO "tasks" ("name", "user_id") VALUES (?, ?)[0m  [["name", "Task 3 for user: John"], ["user_id", 1]]
  [1m[35m (13.4ms)[0m  commit transaction
  [1m[36m (0.1ms)[0m  [1mbegin transaction[0m
  [1m[35mSQL (0.1ms)[0m  INSERT INTO "users" ("name", "location") VALUES (?, ?)  [["name", "Jane"], ["location", "Spain"]]
  [1m[36m (7.5ms)[0m  [1mcommit transaction[0m
  [1m[35m (0.1ms)[0m  begin transaction
  [1m[36mSQL (0.1ms)[0m  [1mINSERT INTO "tasks" ("name", "user_id") VALUES (?, ?)[0m  [["name", "Task 1 for user: Jane"], ["user_id", 2]]
  [1m[35m (13.7ms)[0m  commit transaction
  [1m[36m (0.1ms)[0m  [1mbegin transaction[0m
  [1m[35mSQL (0.1ms)[0m  INSERT INTO "tasks" ("name", "user_id") VALUES (?, ?)  [["name", "Task 2 for user: Jane"], ["user_id", 2]]
  [1m[36m (7.5ms)[0m  [1mcommit transaction[0m
  [1m[35m (0.1ms)[0m  begin transaction
  [1m[36mSQL (0.1ms)[0m  [1mINSERT INTO "tasks" ("name", "user_id") VALUES (?, ?)[0m  [["name", "Task 3 for user: Jane"], ["user_id", 2]]
  [1m[35m (19.0ms)[0m  commit transaction
  [1m[36m (0.1ms)[0m  [1mbegin transaction[0m
  [1m[35mSQL (0.1ms)[0m  INSERT INTO "users" ("name", "location") VALUES (?, ?)  [["name", "Bob"], ["location", "Australia"]]
  [1m[36m (12.9ms)[0m  [1mcommit transaction[0m
  [1m[35m (0.1ms)[0m  begin transaction
  [1m[36mSQL (0.1ms)[0m  [1mINSERT INTO "tasks" ("name", "user_id") VALUES (?, ?)[0m  [["name", "Task 1 for user: Bob"], ["user_id", 3]]
  [1m[35m (13.7ms)[0m  commit transaction
  [1m[36m (0.1ms)[0m  [1mbegin transaction[0m
  [1m[35mSQL (0.1ms)[0m  INSERT INTO "tasks" ("name", "user_id") VALUES (?, ?)  [["name", "Task 2 for user: Bob"], ["user_id", 3]]
  [1m[36m (7.6ms)[0m  [1mcommit transaction[0m
  [1m[35m (0.1ms)[0m  begin transaction
  [1m[36mSQL (0.1ms)[0m  [1mINSERT INTO "tasks" ("name", "user_id") VALUES (?, ?)[0m  [["name", "Task 3 for user: Bob"], ["user_id", 3]]
  [1m[35m (7.4ms)[0m  commit transaction
  [1m[36m (0.1ms)[0m  [1mbegin transaction[0m
  [1m[35mSQL (0.1ms)[0m  INSERT INTO "users" ("name", "location") VALUES (?, ?)  [["name", "Charlie"], ["location", "China"]]
  [1m[36m (13.1ms)[0m  [1mcommit transaction[0m
  [1m[35m (0.1ms)[0m  begin transaction
  [1m[36mSQL (0.1ms)[0m  [1mINSERT INTO "tasks" ("name", "user_id") VALUES (?, ?)[0m  [["name", "Task 1 for user: Charlie"], ["user_id", 4]]
  [1m[35m (12.9ms)[0m  commit transaction
  [1m[36m (0.1ms)[0m  [1mbegin transaction[0m
  [1m[35mSQL (0.1ms)[0m  INSERT INTO "tasks" ("name", "user_id") VALUES (?, ?)  [["name", "Task 2 for user: Charlie"], ["user_id", 4]]
  [1m[36m (19.9ms)[0m  [1mcommit transaction[0m
  [1m[35m (0.1ms)[0m  begin transaction
  [1m[36mSQL (0.1ms)[0m  [1mINSERT INTO "tasks" ("name", "user_id") VALUES (?, ?)[0m  [["name", "Task 3 for user: Charlie"], ["user_id", 4]]
  [1m[35m (13.1ms)[0m  commit transaction
  [1m[36m (0.1ms)[0m  [1mbegin transaction[0m
  [1m[35mSQL (0.1ms)[0m  INSERT INTO "users" ("name", "location") VALUES (?, ?)  [["name", "Jake"], ["location", "USA"]]
  [1m[36m (7.6ms)[0m  [1mcommit transaction[0m
  [1m[35m (0.1ms)[0m  begin transaction
  [1m[36mSQL (0.1ms)[0m  [1mINSERT INTO "tasks" ("name", "user_id") VALUES (?, ?)[0m  [["name", "Task 1 for user: Jake"], ["user_id", 5]]
  [1m[35m (13.2ms)[0m  commit transaction
  [1m[36m (0.1ms)[0m  [1mbegin transaction[0m
  [1m[35mSQL (0.1ms)[0m  INSERT INTO "tasks" ("name", "user_id") VALUES (?, ?)  [["name", "Task 2 for user: Jake"], ["user_id", 5]]
  [1m[36m (19.9ms)[0m  [1mcommit transaction[0m
  [1m[35m (0.1ms)[0m  begin transaction
  [1m[36mSQL (0.1ms)[0m  [1mINSERT INTO "tasks" ("name", "user_id") VALUES (?, ?)[0m  [["name", "Task 3 for user: Jake"], ["user_id", 5]]
  [1m[35m (13.3ms)[0m  commit transaction
  [1m[36m (0.1ms)[0m  [1mbegin transaction[0m
  [1m[35mSQL (0.1ms)[0m  INSERT INTO "users" ("name", "location") VALUES (?, ?)  [["name", "Albert"], ["location", "Spain"]]
  [1m[36m (7.3ms)[0m  [1mcommit transaction[0m
  [1m[35m (0.1ms)[0m  begin transaction
  [1m[36mSQL (0.1ms)[0m  [1mINSERT INTO "tasks" ("name", "user_id") VALUES (?, ?)[0m  [["name", "Task 1 for user: Albert"], ["user_id", 6]]
  [1m[35m (7.5ms)[0m  commit transaction
  [1m[36m (0.1ms)[0m  [1mbegin transaction[0m
  [1m[35mSQL (0.1ms)[0m  INSERT INTO "tasks" ("name", "user_id") VALUES (?, ?)  [["name", "Task 2 for user: Albert"], ["user_id", 6]]
  [1m[36m (7.7ms)[0m  [1mcommit transaction[0m
  [1m[35m (0.1ms)[0m  begin transaction
  [1m[36mSQL (0.1ms)[0m  [1mINSERT INTO "tasks" ("name", "user_id") VALUES (?, ?)[0m  [["name", "Task 3 for user: Albert"], ["user_id", 6]]
  [1m[35m (13.7ms)[0m  commit transaction
  [1m[36mUser Load (1.0ms)[0m  [1mSELECT "users".* FROM "users"[0m
  [1m[35m (0.1ms)[0m  begin transaction
  [1m[36mSQL (0.2ms)[0m  [1mINSERT INTO "tasks" ("name", "user_id") VALUES (?, ?)[0m  [["name", "Old task for Chaalay"], ["user_id", 4]]
  [1m[35m (8.9ms)[0m  commit transaction
  [1m[36mUser Load (0.1ms)[0m  [1mSELECT  "users".* FROM "users" WHERE "users"."id" = ? LIMIT 1[0m  [["id", 4]]
  [1m[35mUser Load (0.2ms)[0m  SELECT  "users".* FROM "users" WHERE "users"."id" = ? LIMIT 1  [["id", 4]]
  [1m[36m (0.1ms)[0m  [1mbegin transaction[0m
  [1m[35mSQL (0.2ms)[0m  INSERT INTO "tasks" ("name", "user_id") VALUES (?, ?)  [["name", "AFDKLFJ"], ["user_id", 4]]
  [1m[36m (21.1ms)[0m  [1mcommit transaction[0m
  [1m[35mTask Load (0.3ms)[0m  SELECT  "tasks".* FROM "tasks" WHERE "tasks"."id" = ? LIMIT 1  [["id", 19]]
  [1m[36mTask Load (0.1ms)[0m  [1mSELECT  "tasks".* FROM "tasks" WHERE "tasks"."id" = ? LIMIT 1[0m  [["id", 13]]
  [1m[35m (0.1ms)[0m  begin transaction
  [1m[36mSQL (0.5ms)[0m  [1mUPDATE "tasks" SET "name" = ? WHERE "tasks"."id" = ?[0m  [["name", "AOJALKSFJ:K"], ["id", 13]]
  [1m[35m (9.0ms)[0m  commit transaction
  [1m[36mUser Load (0.2ms)[0m  [1mSELECT  "users".* FROM "users" WHERE "users"."name" = ? LIMIT 1[0m  [["name", "Charlie"]]
  [1m[35mUser Load (0.4ms)[0m  SELECT "users".* FROM "users" WHERE "users"."name" = ?  [["name", "Charlie"]]
  [1m[36mUser Load (0.1ms)[0m  [1mSELECT  "users".* FROM "users" LIMIT 3[0m
  [1m[35mUser Load (0.1ms)[0m  SELECT  "users".* FROM "users" WHERE "users"."name" = ? LIMIT 1  [["name", "Chralie"]]
  [1m[36mUser Load (0.1ms)[0m  [1mSELECT  "users".* FROM "users" WHERE "users"."name" = ? LIMIT 1[0m  [["name", "Charlie"]]
  [1m[35mUser Load (0.1ms)[0m  SELECT  "users".* FROM "users" WHERE "users"."id" = ? LIMIT 1  [["id", 3]]
  [1m[36mUser Load (0.2ms)[0m  [1mSELECT  "users".* FROM "users" WHERE "users"."id" = ? LIMIT 1[0m  [["id", 3]]
  [1m[35m (0.1ms)[0m  begin transaction
  [1m[36mSQL (0.1ms)[0m  [1mINSERT INTO "tasks" ("name", "user_id") VALUES (?, ?)[0m  [["name", "Race a cheetah"], ["user_id", 3]]
  [1m[35m (21.3ms)[0m  commit transaction
  [1m[36mTask Load (0.2ms)[0m  [1mSELECT  "tasks".* FROM "tasks" WHERE "tasks"."user_id" = ? AND "tasks"."name" = ? LIMIT 1[0m  [["user_id", 3], ["name", "Race a cheetah"]]
  [1m[35m (0.1ms)[0m  begin transaction
  [1m[36mSQL (0.1ms)[0m  [1mUPDATE "tasks" SET "name" = ? WHERE "tasks"."id" = ?[0m  [["name", "Race a giraffe"], ["id", 23]]
  [1m[35m (21.0ms)[0m  commit transaction
  [1m[36mUser Load (0.1ms)[0m  [1mSELECT  "users".* FROM "users" WHERE "users"."id" = ? LIMIT 1[0m  [["id", 1]]
  [1m[35mTask Load (0.1ms)[0m  SELECT "tasks".* FROM "tasks" WHERE "tasks"."user_id" = ?  [["user_id", 1]]
  [1m[36mUser Load (0.1ms)[0m  [1mSELECT  "users".* FROM "users" WHERE "users"."id" = ? LIMIT 1[0m  [["id", 3]]
  [1m[35mUser Load (0.1ms)[0m  SELECT  "users".* FROM "users" WHERE (location) LIMIT 1
  [1m[36mUser Load (0.2ms)[0m  [1mSELECT  "users".* FROM "users" WHERE "users"."name" = ? LIMIT 1[0m  [["name", "Bob"]]
  [1m[35mUser Load (0.1ms)[0m  SELECT  "users".* FROM "users" WHERE "users"."name" = ? LIMIT 1  [["name", "Bob"]]
  [1m[36mTask Load (0.1ms)[0m  [1mSELECT "tasks".* FROM "tasks" WHERE "tasks"."user_id" = ?[0m  [["user_id", 3]]
  [1m[35mUser Load (0.1ms)[0m  SELECT  "users".* FROM "users" WHERE "users"."location" = ? LIMIT 1  [["location", "Spain"]]
  [1m[36mUser Load (0.3ms)[0m  [1mSELECT  "users".* FROM "users" WHERE "users"."locatino" = 'Spain' LIMIT 1[0m
  [1m[35mUser Load (0.1ms)[0m  SELECT  "users".* FROM "users" WHERE "users"."location" = ? LIMIT 1  [["location", "Spain"]]
  [1m[36mUser Load (0.2ms)[0m  [1mSELECT  "users".* FROM "users" WHERE "users"."location" = ? LIMIT 1[0m  [["location", "Spain"]]
  [1m[35mTask Load (0.1ms)[0m  SELECT "tasks".* FROM "tasks" WHERE "tasks"."user_id" = ?  [["user_id", 2]]
  [1m[36m (0.0ms)[0m  [1mbegin transaction[0m
  [1m[35mSQL (0.1ms)[0m  DELETE FROM "tasks" WHERE "tasks"."id" = ?  [["id", 4]]
  [1m[36mSQL (0.0ms)[0m  [1mDELETE FROM "tasks" WHERE "tasks"."id" = ?[0m  [["id", 5]]
  [1m[35mSQL (0.0ms)[0m  DELETE FROM "tasks" WHERE "tasks"."id" = ?  [["id", 6]]
  [1m[36m (9.2ms)[0m  [1mcommit transaction[0m
  [1m[35mUser Load (0.1ms)[0m  SELECT  "users".* FROM "users" WHERE "users"."location" = ? LIMIT 1  [["location", "Spain"]]
  [1m[36mTask Load (0.0ms)[0m  [1mSELECT "tasks".* FROM "tasks" WHERE "tasks"."user_id" = ?[0m  [["user_id", 2]]
